This file contains any messages produced by compilers while
running configure, to aid debugging if configure makes a mistake.

It was created by configure, which was
generated by GNU Autoconf 2.59.  Invocation command line was

  $ ./configure --prefix=/home/paul/TEMU/shared/sleuthkit-2.04 --exec-prefix=/home/paul/TEMU/shared/sleuthkit-2.04

## --------- ##
## Platform. ##
## --------- ##

hostname = Artisanal
uname -m = x86_64
uname -r = 3.2.0-23-generic
uname -s = Linux
uname -v = #36-Ubuntu SMP Tue Apr 10 20:39:51 UTC 2012

/usr/bin/uname -p = unknown
/bin/uname -X     = unknown

/bin/arch              = unknown
/usr/bin/arch -k       = unknown
/usr/convex/getsysinfo = unknown
hostinfo               = unknown
/bin/machine           = unknown
/usr/bin/oslevel       = unknown
/bin/universe          = unknown

PATH: /usr/lib/lightdm/lightdm
PATH: /usr/local/sbin
PATH: /usr/local/bin
PATH: /usr/sbin
PATH: /usr/bin
PATH: /sbin
PATH: /bin
PATH: /usr/games


## ----------- ##
## Core tests. ##
## ----------- ##

configure:1543: checking for a BSD-compatible install
configure:1598: result: /usr/bin/install -c
configure:1609: checking whether build environment is sane
configure:1652: result: yes
configure:1717: checking for gawk
configure:1733: found /usr/bin/gawk
configure:1743: result: gawk
configure:1753: checking whether make sets $(MAKE)
configure:1773: result: yes
configure:1943: checking whether to enable maintainer-specific portions of Makefiles
configure:1952: result: no
configure:1968: checking for builtin ELF support
configure:1987: result: yes
configure:1996: checking for ELF core file support
configure:2015: result: yes
configure:2024: checking for file formats in man section 5
configure:2041: result: no
configure:2104: checking for gcc
configure:2130: result: gcc
configure:2374: checking for C compiler version
configure:2377: gcc --version </dev/null >&5
gcc-4.6.real (Ubuntu/Linaro 4.6.3-1ubuntu5) 4.6.3
Copyright (C) 2011 Free Software Foundation, Inc.
This is free software; see the source for copying conditions.  There is NO
warranty; not even for MERCHANTABILITY or FITNESS FOR A PARTICULAR PURPOSE.

configure:2380: $? = 0
configure:2382: gcc -v </dev/null >&5
Using built-in specs.
COLLECT_GCC=/usr/bin/gcc-4.6.real
COLLECT_LTO_WRAPPER=/usr/lib/gcc/x86_64-linux-gnu/4.6/lto-wrapper
Target: x86_64-linux-gnu
Configured with: ../src/configure -v --with-pkgversion='Ubuntu/Linaro 4.6.3-1ubuntu5' --with-bugurl=file:///usr/share/doc/gcc-4.6/README.Bugs --enable-languages=c,c++,fortran,objc,obj-c++ --prefix=/usr --program-suffix=-4.6 --enable-shared --enable-linker-build-id --with-system-zlib --libexecdir=/usr/lib --without-included-gettext --enable-threads=posix --with-gxx-include-dir=/usr/include/c++/4.6 --libdir=/usr/lib --enable-nls --with-sysroot=/ --enable-clocale=gnu --enable-libstdcxx-debug --enable-libstdcxx-time=yes --enable-gnu-unique-object --enable-plugin --enable-objc-gc --disable-werror --with-arch-32=i686 --with-tune=generic --enable-checking=release --build=x86_64-linux-gnu --host=x86_64-linux-gnu --target=x86_64-linux-gnu
Thread model: posix
gcc version 4.6.3 (Ubuntu/Linaro 4.6.3-1ubuntu5) 
configure:2385: $? = 0
configure:2387: gcc -V </dev/null >&5
gcc-4.6.real: error: unrecognized option '-V'
gcc-4.6.real: fatal error: no input files
compilation terminated.
configure:2390: $? = 4
configure:2413: checking for C compiler default output file name
configure:2416: gcc    conftest.c  >&5
configure:2419: $? = 0
configure:2465: result: a.out
configure:2470: checking whether the C compiler works
configure:2476: ./a.out
configure:2479: $? = 0
configure:2496: result: yes
configure:2503: checking whether we are cross compiling
configure:2505: result: no
configure:2508: checking for suffix of executables
configure:2510: gcc -o conftest    conftest.c  >&5
configure:2513: $? = 0
configure:2538: result: 
configure:2544: checking for suffix of object files
configure:2565: gcc -c   conftest.c >&5
configure:2568: $? = 0
configure:2590: result: o
configure:2594: checking whether we are using the GNU C compiler
configure:2618: gcc -c   conftest.c >&5
configure:2624: $? = 0
configure:2628: test -z 
			 || test ! -s conftest.err
configure:2631: $? = 0
configure:2634: test -s conftest.o
configure:2637: $? = 0
configure:2650: result: yes
configure:2656: checking whether gcc accepts -g
configure:2677: gcc -c -g  conftest.c >&5
configure:2683: $? = 0
configure:2687: test -z 
			 || test ! -s conftest.err
configure:2690: $? = 0
configure:2693: test -s conftest.o
configure:2696: $? = 0
configure:2707: result: yes
configure:2724: checking for gcc option to accept ANSI C
configure:2794: gcc  -c -g -O2  conftest.c >&5
configure:2800: $? = 0
configure:2804: test -z 
			 || test ! -s conftest.err
configure:2807: $? = 0
configure:2810: test -s conftest.o
configure:2813: $? = 0
configure:2831: result: none needed
configure:2849: gcc -c -g -O2  conftest.c >&5
conftest.c:2:3: error: unknown type name 'choke'
conftest.c:2:3: error: expected '=', ',', ';', 'asm' or '__attribute__' at end of input
configure:2855: $? = 1
configure: failed program was:
| #ifndef __cplusplus
|   choke me
| #endif
configure:2999: checking for style of include used by make
configure:3027: result: GNU
configure:3055: checking dependency style of gcc
configure:3145: result: gcc3
configure:3175: checking for a BSD-compatible install
configure:3230: result: /usr/bin/install -c
configure:3241: checking whether ln -s works
configure:3245: result: yes
configure:3330: checking build system type
configure:3348: result: x86_64-unknown-linux-gnu
configure:3356: checking host system type
configure:3370: result: x86_64-unknown-linux-gnu
configure:3378: checking for a sed that does not truncate output
configure:3432: result: /bin/sed
configure:3435: checking for egrep
configure:3445: result: grep -E
configure:3461: checking for ld used by gcc
configure:3528: result: /usr/bin/ld
configure:3537: checking if the linker (/usr/bin/ld) is GNU ld
configure:3552: result: yes
configure:3557: checking for /usr/bin/ld option to reload object files
configure:3564: result: -r
configure:3582: checking for BSD-compatible nm
configure:3624: result: /usr/bin/nm -B
configure:3628: checking how to recognise dependent libraries
configure:3800: result: pass_all
configure:3885: gcc -c -g -O2  conftest.c >&5
configure:3888: $? = 0
configure:4014: checking how to run the C preprocessor
configure:4049: gcc -E  conftest.c
configure:4055: $? = 0
configure:4087: gcc -E  conftest.c
conftest.c:13:28: fatal error: ac_nonexistent.h: No such file or directory
compilation terminated.
configure:4093: $? = 1
configure: failed program was:
| /* confdefs.h.  */
| 
| #define PACKAGE_NAME ""
| #define PACKAGE_TARNAME ""
| #define PACKAGE_VERSION ""
| #define PACKAGE_STRING ""
| #define PACKAGE_BUGREPORT ""
| #define PACKAGE "file"
| #define VERSION "4.17"
| #define BUILTIN_ELF 1
| #define ELFCORE 1
| /* end confdefs.h.  */
| #include <ac_nonexistent.h>
configure:4132: result: gcc -E
configure:4156: gcc -E  conftest.c
configure:4162: $? = 0
configure:4194: gcc -E  conftest.c
conftest.c:13:28: fatal error: ac_nonexistent.h: No such file or directory
compilation terminated.
configure:4200: $? = 1
configure: failed program was:
| /* confdefs.h.  */
| 
| #define PACKAGE_NAME ""
| #define PACKAGE_TARNAME ""
| #define PACKAGE_VERSION ""
| #define PACKAGE_STRING ""
| #define PACKAGE_BUGREPORT ""
| #define PACKAGE "file"
| #define VERSION "4.17"
| #define BUILTIN_ELF 1
| #define ELFCORE 1
| /* end confdefs.h.  */
| #include <ac_nonexistent.h>
configure:4244: checking for ANSI C header files
configure:4269: gcc -c -g -O2  conftest.c >&5
configure:4275: $? = 0
configure:4279: test -z 
			 || test ! -s conftest.err
configure:4282: $? = 0
configure:4285: test -s conftest.o
configure:4288: $? = 0
configure:4377: gcc -o conftest -g -O2   conftest.c  >&5
conftest.c: In function 'main':
conftest.c:30:7: warning: incompatible implicit declaration of built-in function 'exit' [enabled by default]
configure:4380: $? = 0
configure:4382: ./conftest
configure:4385: $? = 0
configure:4400: result: yes
configure:4424: checking for sys/types.h
configure:4440: gcc -c -g -O2  conftest.c >&5
configure:4446: $? = 0
configure:4450: test -z 
			 || test ! -s conftest.err
configure:4453: $? = 0
configure:4456: test -s conftest.o
configure:4459: $? = 0
configure:4470: result: yes
configure:4424: checking for sys/stat.h
configure:4440: gcc -c -g -O2  conftest.c >&5
configure:4446: $? = 0
configure:4450: test -z 
			 || test ! -s conftest.err
configure:4453: $? = 0
configure:4456: test -s conftest.o
configure:4459: $? = 0
configure:4470: result: yes
configure:4424: checking for stdlib.h
configure:4440: gcc -c -g -O2  conftest.c >&5
configure:4446: $? = 0
configure:4450: test -z 
			 || test ! -s conftest.err
configure:4453: $? = 0
configure:4456: test -s conftest.o
configure:4459: $? = 0
configure:4470: result: yes
configure:4424: checking for string.h
configure:4440: gcc -c -g -O2  conftest.c >&5
configure:4446: $? = 0
configure:4450: test -z 
			 || test ! -s conftest.err
configure:4453: $? = 0
configure:4456: test -s conftest.o
configure:4459: $? = 0
configure:4470: result: yes
configure:4424: checking for memory.h
configure:4440: gcc -c -g -O2  conftest.c >&5
configure:4446: $? = 0
configure:4450: test -z 
			 || test ! -s conftest.err
configure:4453: $? = 0
configure:4456: test -s conftest.o
configure:4459: $? = 0
configure:4470: result: yes
configure:4424: checking for strings.h
configure:4440: gcc -c -g -O2  conftest.c >&5
configure:4446: $? = 0
configure:4450: test -z 
			 || test ! -s conftest.err
configure:4453: $? = 0
configure:4456: test -s conftest.o
configure:4459: $? = 0
configure:4470: result: yes
configure:4424: checking for inttypes.h
configure:4440: gcc -c -g -O2  conftest.c >&5
configure:4446: $? = 0
configure:4450: test -z 
			 || test ! -s conftest.err
configure:4453: $? = 0
configure:4456: test -s conftest.o
configure:4459: $? = 0
configure:4470: result: yes
configure:4424: checking for stdint.h
configure:4440: gcc -c -g -O2  conftest.c >&5
configure:4446: $? = 0
configure:4450: test -z 
			 || test ! -s conftest.err
configure:4453: $? = 0
configure:4456: test -s conftest.o
configure:4459: $? = 0
configure:4470: result: yes
configure:4424: checking for unistd.h
configure:4440: gcc -c -g -O2  conftest.c >&5
configure:4446: $? = 0
configure:4450: test -z 
			 || test ! -s conftest.err
configure:4453: $? = 0
configure:4456: test -s conftest.o
configure:4459: $? = 0
configure:4470: result: yes
configure:4496: checking dlfcn.h usability
configure:4508: gcc -c -g -O2  conftest.c >&5
configure:4514: $? = 0
configure:4518: test -z 
			 || test ! -s conftest.err
configure:4521: $? = 0
configure:4524: test -s conftest.o
configure:4527: $? = 0
configure:4537: result: yes
configure:4541: checking dlfcn.h presence
configure:4551: gcc -E  conftest.c
configure:4557: $? = 0
configure:4577: result: yes
configure:4612: checking for dlfcn.h
configure:4619: result: yes
configure:4684: checking for g++
configure:4700: found /usr/bin/g++
configure:4710: result: g++
configure:4726: checking for C++ compiler version
configure:4729: g++ --version </dev/null >&5
g++-4.6.real (Ubuntu/Linaro 4.6.3-1ubuntu5) 4.6.3
Copyright (C) 2011 Free Software Foundation, Inc.
This is free software; see the source for copying conditions.  There is NO
warranty; not even for MERCHANTABILITY or FITNESS FOR A PARTICULAR PURPOSE.

configure:4732: $? = 0
configure:4734: g++ -v </dev/null >&5
Using built-in specs.
COLLECT_GCC=/usr/bin/g++-4.6.real
COLLECT_LTO_WRAPPER=/usr/lib/gcc/x86_64-linux-gnu/4.6/lto-wrapper
Target: x86_64-linux-gnu
Configured with: ../src/configure -v --with-pkgversion='Ubuntu/Linaro 4.6.3-1ubuntu5' --with-bugurl=file:///usr/share/doc/gcc-4.6/README.Bugs --enable-languages=c,c++,fortran,objc,obj-c++ --prefix=/usr --program-suffix=-4.6 --enable-shared --enable-linker-build-id --with-system-zlib --libexecdir=/usr/lib --without-included-gettext --enable-threads=posix --with-gxx-include-dir=/usr/include/c++/4.6 --libdir=/usr/lib --enable-nls --with-sysroot=/ --enable-clocale=gnu --enable-libstdcxx-debug --enable-libstdcxx-time=yes --enable-gnu-unique-object --enable-plugin --enable-objc-gc --disable-werror --with-arch-32=i686 --with-tune=generic --enable-checking=release --build=x86_64-linux-gnu --host=x86_64-linux-gnu --target=x86_64-linux-gnu
Thread model: posix
gcc version 4.6.3 (Ubuntu/Linaro 4.6.3-1ubuntu5) 
configure:4737: $? = 0
configure:4739: g++ -V </dev/null >&5
g++-4.6.real: error: unrecognized option '-V'
g++-4.6.real: fatal error: no input files
compilation terminated.
configure:4742: $? = 4
configure:4745: checking whether we are using the GNU C++ compiler
configure:4769: g++ -c   conftest.cc >&5
configure:4775: $? = 0
configure:4779: test -z 
			 || test ! -s conftest.err
configure:4782: $? = 0
configure:4785: test -s conftest.o
configure:4788: $? = 0
configure:4801: result: yes
configure:4807: checking whether g++ accepts -g
configure:4828: g++ -c -g  conftest.cc >&5
configure:4834: $? = 0
configure:4838: test -z 
			 || test ! -s conftest.err
configure:4841: $? = 0
configure:4844: test -s conftest.o
configure:4847: $? = 0
configure:4858: result: yes
configure:4900: g++ -c -g -O2  conftest.cc >&5
configure:4906: $? = 0
configure:4910: test -z 
			 || test ! -s conftest.err
configure:4913: $? = 0
configure:4916: test -s conftest.o
configure:4919: $? = 0
configure:4945: g++ -c -g -O2  conftest.cc >&5
conftest.cc: In function 'int main()':
conftest.cc:28:9: error: 'exit' was not declared in this scope
configure:4951: $? = 1
configure: failed program was:
| /* confdefs.h.  */
| 
| #define PACKAGE_NAME ""
| #define PACKAGE_TARNAME ""
| #define PACKAGE_VERSION ""
| #define PACKAGE_STRING ""
| #define PACKAGE_BUGREPORT ""
| #define PACKAGE "file"
| #define VERSION "4.17"
| #define BUILTIN_ELF 1
| #define ELFCORE 1
| #define STDC_HEADERS 1
| #define HAVE_SYS_TYPES_H 1
| #define HAVE_SYS_STAT_H 1
| #define HAVE_STDLIB_H 1
| #define HAVE_STRING_H 1
| #define HAVE_MEMORY_H 1
| #define HAVE_STRINGS_H 1
| #define HAVE_INTTYPES_H 1
| #define HAVE_STDINT_H 1
| #define HAVE_UNISTD_H 1
| #define HAVE_DLFCN_H 1
| /* end confdefs.h.  */
| 
| int
| main ()
| {
| exit (42);
|   ;
|   return 0;
| }
configure:4900: g++ -c -g -O2  conftest.cc >&5
conftest.cc:24:40: error: 'void std::exit(int)' should have been declared inside 'std'
configure:4906: $? = 1
configure: failed program was:
| /* confdefs.h.  */
| 
| #define PACKAGE_NAME ""
| #define PACKAGE_TARNAME ""
| #define PACKAGE_VERSION ""
| #define PACKAGE_STRING ""
| #define PACKAGE_BUGREPORT ""
| #define PACKAGE "file"
| #define VERSION "4.17"
| #define BUILTIN_ELF 1
| #define ELFCORE 1
| #define STDC_HEADERS 1
| #define HAVE_SYS_TYPES_H 1
| #define HAVE_SYS_STAT_H 1
| #define HAVE_STDLIB_H 1
| #define HAVE_STRING_H 1
| #define HAVE_MEMORY_H 1
| #define HAVE_STRINGS_H 1
| #define HAVE_INTTYPES_H 1
| #define HAVE_STDINT_H 1
| #define HAVE_UNISTD_H 1
| #define HAVE_DLFCN_H 1
| /* end confdefs.h.  */
| extern "C" void std::exit (int) throw (); using std::exit;
| #include <stdlib.h>
| int
| main ()
| {
| exit (42);
|   ;
|   return 0;
| }
configure:4900: g++ -c -g -O2  conftest.cc >&5
conftest.cc:24:31: error: 'void std::exit(int)' should have been declared inside 'std'
In file included from conftest.cc:25:0:
/usr/include/stdlib.h:544:70: error: declaration of 'void std::exit(int) throw ()' has a different exception specifier
conftest.cc:24:17: error: from previous declaration 'void std::exit(int)'
configure:4906: $? = 1
configure: failed program was:
| /* confdefs.h.  */
| 
| #define PACKAGE_NAME ""
| #define PACKAGE_TARNAME ""
| #define PACKAGE_VERSION ""
| #define PACKAGE_STRING ""
| #define PACKAGE_BUGREPORT ""
| #define PACKAGE "file"
| #define VERSION "4.17"
| #define BUILTIN_ELF 1
| #define ELFCORE 1
| #define STDC_HEADERS 1
| #define HAVE_SYS_TYPES_H 1
| #define HAVE_SYS_STAT_H 1
| #define HAVE_STDLIB_H 1
| #define HAVE_STRING_H 1
| #define HAVE_MEMORY_H 1
| #define HAVE_STRINGS_H 1
| #define HAVE_INTTYPES_H 1
| #define HAVE_STDINT_H 1
| #define HAVE_UNISTD_H 1
| #define HAVE_DLFCN_H 1
| /* end confdefs.h.  */
| extern "C" void std::exit (int); using std::exit;
| #include <stdlib.h>
| int
| main ()
| {
| exit (42);
|   ;
|   return 0;
| }
configure:4900: g++ -c -g -O2  conftest.cc >&5
configure:4906: $? = 0
configure:4910: test -z 
			 || test ! -s conftest.err
configure:4913: $? = 0
configure:4916: test -s conftest.o
configure:4919: $? = 0
configure:4945: g++ -c -g -O2  conftest.cc >&5
configure:4951: $? = 0
configure:4955: test -z 
			 || test ! -s conftest.err
configure:4958: $? = 0
configure:4961: test -s conftest.o
configure:4964: $? = 0
configure:4989: checking dependency style of g++
configure:5079: result: gcc3
configure:5106: checking how to run the C++ preprocessor
configure:5137: g++ -E  conftest.cc
configure:5143: $? = 0
configure:5175: g++ -E  conftest.cc
conftest.cc:27:28: fatal error: ac_nonexistent.h: No such file or directory
compilation terminated.
configure:5181: $? = 1
configure: failed program was:
| /* confdefs.h.  */
| 
| #define PACKAGE_NAME ""
| #define PACKAGE_TARNAME ""
| #define PACKAGE_VERSION ""
| #define PACKAGE_STRING ""
| #define PACKAGE_BUGREPORT ""
| #define PACKAGE "file"
| #define VERSION "4.17"
| #define BUILTIN_ELF 1
| #define ELFCORE 1
| #define STDC_HEADERS 1
| #define HAVE_SYS_TYPES_H 1
| #define HAVE_SYS_STAT_H 1
| #define HAVE_STDLIB_H 1
| #define HAVE_STRING_H 1
| #define HAVE_MEMORY_H 1
| #define HAVE_STRINGS_H 1
| #define HAVE_INTTYPES_H 1
| #define HAVE_STDINT_H 1
| #define HAVE_UNISTD_H 1
| #define HAVE_DLFCN_H 1
| #ifdef __cplusplus
| extern "C" void exit (int) throw ();
| #endif
| /* end confdefs.h.  */
| #include <ac_nonexistent.h>
configure:5220: result: g++ -E
configure:5244: g++ -E  conftest.cc
configure:5250: $? = 0
configure:5282: g++ -E  conftest.cc
conftest.cc:27:28: fatal error: ac_nonexistent.h: No such file or directory
compilation terminated.
configure:5288: $? = 1
configure: failed program was:
| /* confdefs.h.  */
| 
| #define PACKAGE_NAME ""
| #define PACKAGE_TARNAME ""
| #define PACKAGE_VERSION ""
| #define PACKAGE_STRING ""
| #define PACKAGE_BUGREPORT ""
| #define PACKAGE "file"
| #define VERSION "4.17"
| #define BUILTIN_ELF 1
| #define ELFCORE 1
| #define STDC_HEADERS 1
| #define HAVE_SYS_TYPES_H 1
| #define HAVE_SYS_STAT_H 1
| #define HAVE_STDLIB_H 1
| #define HAVE_STRING_H 1
| #define HAVE_MEMORY_H 1
| #define HAVE_STRINGS_H 1
| #define HAVE_INTTYPES_H 1
| #define HAVE_STDINT_H 1
| #define HAVE_UNISTD_H 1
| #define HAVE_DLFCN_H 1
| #ifdef __cplusplus
| extern "C" void exit (int) throw ();
| #endif
| /* end confdefs.h.  */
| #include <ac_nonexistent.h>
configure:5385: checking for g77
configure:5414: result: no
configure:5385: checking for f77
configure:5414: result: no
configure:5385: checking for xlf
configure:5414: result: no
configure:5385: checking for frt
configure:5414: result: no
configure:5385: checking for pgf77
configure:5414: result: no
configure:5385: checking for fort77
configure:5414: result: no
configure:5385: checking for fl32
configure:5414: result: no
configure:5385: checking for af77
configure:5414: result: no
configure:5385: checking for f90
configure:5414: result: no
configure:5385: checking for xlf90
configure:5414: result: no
configure:5385: checking for pgf90
configure:5414: result: no
configure:5385: checking for epcf90
configure:5414: result: no
configure:5385: checking for f95
configure:5414: result: no
configure:5385: checking for fort
configure:5414: result: no
configure:5385: checking for xlf95
configure:5414: result: no
configure:5385: checking for ifc
configure:5414: result: no
configure:5385: checking for efc
configure:5414: result: no
configure:5385: checking for pgf95
configure:5414: result: no
configure:5385: checking for lf95
configure:5414: result: no
configure:5385: checking for gfortran
configure:5414: result: no
configure:5426: checking for Fortran 77 compiler version
configure:5429:  --version </dev/null >&5
./configure: line 5430: --version: command not found
configure:5432: $? = 127
configure:5434:  -v </dev/null >&5
./configure: line 5435: -v: command not found
configure:5437: $? = 127
configure:5439:  -V </dev/null >&5
./configure: line 5440: -V: command not found
configure:5442: $? = 127
configure:5450: checking whether we are using the GNU Fortran 77 compiler
configure:5464:  -c  conftest.F >&5
./configure: line 5465: -c: command not found
configure:5470: $? = 127
configure: failed program was:
|       program main
| #ifndef __GNUC__
|        choke me
| #endif
| 
|       end
configure:5496: result: no
configure:5502: checking whether  accepts -g
configure:5514:  -c -g conftest.f >&5
./configure: line 5515: -c: command not found
configure:5520: $? = 127
configure: failed program was:
|       program main
| 
|       end
configure:5545: result: no
configure:5575: checking the maximum length of command line arguments
configure:5667: result: 32768
configure:5678: checking command to parse /usr/bin/nm -B output from gcc object
configure:5774: gcc -c -g -O2  conftest.c >&5
configure:5777: $? = 0
configure:5781: /usr/bin/nm -B conftest.o \| sed -n -e 's/^.*[ 	]\([ABCDGIRSTW][ABCDGIRSTW]*\)[ 	][ 	]*\([_A-Za-z][_A-Za-z0-9]*\)$/\1 \2 \2/p' \> conftest.nm
configure:5784: $? = 0
configure:5836: gcc -o conftest -g -O2   conftest.c conftstm.o >&5
configure:5839: $? = 0
configure:5877: result: ok
configure:5881: checking for objdir
configure:5896: result: .libs
configure:5986: checking for ar
configure:6002: found /usr/bin/ar
configure:6013: result: ar
configure:6066: checking for ranlib
configure:6082: found /usr/bin/ranlib
configure:6093: result: ranlib
configure:6146: checking for strip
configure:6162: found /usr/bin/strip
configure:6173: result: strip
configure:6460: checking if gcc static flag  works
configure:6488: result: yes
configure:6506: checking if gcc supports -fno-rtti -fno-exceptions
configure:6524: gcc -c -g -O2  -fno-rtti -fno-exceptions conftest.c >&5
cc1: warning: command line option '-fno-rtti' is valid for C++/ObjC++ but not for C [enabled by default]
configure:6528: $? = 0
configure:6541: result: no
configure:6556: checking for gcc option to produce PIC
configure:6760: result: -fPIC
configure:6768: checking if gcc PIC flag -fPIC works
configure:6786: gcc -c -g -O2  -fPIC -DPIC conftest.c >&5
configure:6790: $? = 0
configure:6803: result: yes
configure:6827: checking if gcc supports -c -o file.o
configure:6848: gcc -c -g -O2  -o out/conftest2.o conftest.c >&5
configure:6852: $? = 0
configure:6874: result: yes
configure:6900: checking whether the gcc linker (/usr/bin/ld -m elf_x86_64) supports shared libraries
configure:7796: result: yes
configure:7822: checking whether -lc should be explicitly linked in
configure:7827: gcc -c -g -O2  conftest.c >&5
configure:7830: $? = 0
configure:7844: gcc -shared conftest.o  -v -Wl,-soname -Wl,conftest -o conftest 2\>\&1 \| grep  -lc  \>/dev/null 2\>\&1
configure:7847: $? = 0
configure:7859: result: no
configure:7867: checking dynamic linker characteristics
configure:8413: result: GNU/Linux ld.so
configure:8417: checking how to hardcode library paths into programs
configure:8442: result: immediate
configure:8456: checking whether stripping libraries is possible
configure:8461: result: yes
configure:9291: checking if libtool supports shared libraries
configure:9293: result: yes
configure:9296: checking whether to build shared libraries
configure:9317: result: yes
configure:9320: checking whether to build static libraries
configure:9324: result: yes
configure:9416: creating libtool
configure:9994: checking for ld used by g++
configure:10061: result: /usr/bin/ld -m elf_x86_64
configure:10070: checking if the linker (/usr/bin/ld -m elf_x86_64) is GNU ld
configure:10085: result: yes
configure:10136: checking whether the g++ linker (/usr/bin/ld -m elf_x86_64) supports shared libraries
configure:11023: result: yes
configure:11041: g++ -c -g -O2  conftest.cc >&5
configure:11044: $? = 0
configure:11140: checking for g++ option to produce PIC
configure:11408: result: -fPIC
configure:11416: checking if g++ PIC flag -fPIC works
configure:11434: g++ -c -g -O2  -fPIC -DPIC conftest.cc >&5
configure:11438: $? = 0
configure:11451: result: yes
configure:11475: checking if g++ supports -c -o file.o
configure:11496: g++ -c -g -O2  -o out/conftest2.o conftest.cc >&5
configure:11500: $? = 0
configure:11522: result: yes
configure:11548: checking whether the g++ linker (/usr/bin/ld -m elf_x86_64) supports shared libraries
configure:11573: result: yes
configure:11644: checking dynamic linker characteristics
configure:12190: result: GNU/Linux ld.so
configure:12194: checking how to hardcode library paths into programs
configure:12219: result: immediate
configure:12233: checking whether stripping libraries is possible
configure:12238: result: yes
configure:19774: checking for ANSI C header files
configure:19930: result: yes
configure:19940: checking whether sys/types.h defines makedev
configure:19961: gcc -o conftest -g -O2   conftest.c  >&5
configure:19967: $? = 0
configure:19971: test -z 
			 || test ! -s conftest.err
configure:19974: $? = 0
configure:19977: test -s conftest
configure:19980: $? = 0
configure:19993: result: yes
configure:20294: checking for sys/wait.h that is POSIX.1 compatible
configure:20325: gcc -c -g -O2  conftest.c >&5
configure:20331: $? = 0
configure:20335: test -z 
			 || test ! -s conftest.err
configure:20338: $? = 0
configure:20341: test -s conftest.o
configure:20344: $? = 0
configure:20355: result: yes
configure:20370: checking for stdint.h
configure:20375: result: yes
configure:20530: checking fcntl.h usability
configure:20542: gcc -c -g -O2  conftest.c >&5
configure:20548: $? = 0
configure:20552: test -z 
			 || test ! -s conftest.err
configure:20555: $? = 0
configure:20558: test -s conftest.o
configure:20561: $? = 0
configure:20571: result: yes
configure:20575: checking fcntl.h presence
configure:20585: gcc -E  conftest.c
configure:20591: $? = 0
configure:20611: result: yes
configure:20646: checking for fcntl.h
configure:20653: result: yes
configure:20530: checking locale.h usability
configure:20542: gcc -c -g -O2  conftest.c >&5
configure:20548: $? = 0
configure:20552: test -z 
			 || test ! -s conftest.err
configure:20555: $? = 0
configure:20558: test -s conftest.o
configure:20561: $? = 0
configure:20571: result: yes
configure:20575: checking locale.h presence
configure:20585: gcc -E  conftest.c
configure:20591: $? = 0
configure:20611: result: yes
configure:20646: checking for locale.h
configure:20653: result: yes
configure:20682: checking sys/mman.h usability
configure:20694: gcc -c -g -O2  conftest.c >&5
configure:20700: $? = 0
configure:20704: test -z 
			 || test ! -s conftest.err
configure:20707: $? = 0
configure:20710: test -s conftest.o
configure:20713: $? = 0
configure:20723: result: yes
configure:20727: checking sys/mman.h presence
configure:20737: gcc -E  conftest.c
configure:20743: $? = 0
configure:20763: result: yes
configure:20798: checking for sys/mman.h
configure:20805: result: yes
configure:20673: checking for sys/stat.h
configure:20678: result: yes
configure:20673: checking for sys/types.h
configure:20678: result: yes
configure:20824: checking for stdint.h
configure:20829: result: yes
configure:20824: checking for inttypes.h
configure:20829: result: yes
configure:20974: checking for unistd.h
configure:20979: result: yes
configure:21133: checking getopt.h usability
configure:21145: gcc -c -g -O2  conftest.c >&5
configure:21151: $? = 0
configure:21155: test -z 
			 || test ! -s conftest.err
configure:21158: $? = 0
configure:21161: test -s conftest.o
configure:21164: $? = 0
configure:21174: result: yes
configure:21178: checking getopt.h presence
configure:21188: gcc -E  conftest.c
configure:21194: $? = 0
configure:21214: result: yes
configure:21249: checking for getopt.h
configure:21256: result: yes
configure:21274: checking for locale.h
configure:21279: result: yes
configure:21433: checking utime.h usability
configure:21445: gcc -c -g -O2  conftest.c >&5
configure:21451: $? = 0
configure:21455: test -z 
			 || test ! -s conftest.err
configure:21458: $? = 0
configure:21461: test -s conftest.o
configure:21464: $? = 0
configure:21474: result: yes
configure:21478: checking utime.h presence
configure:21488: gcc -E  conftest.c
configure:21494: $? = 0
configure:21514: result: yes
configure:21549: checking for utime.h
configure:21556: result: yes
configure:21583: checking sys/utime.h usability
configure:21595: gcc -c -g -O2  conftest.c >&5
conftest.c:75:23: fatal error: sys/utime.h: No such file or directory
compilation terminated.
configure:21601: $? = 1
configure: failed program was:
| /* confdefs.h.  */
| 
| #define PACKAGE_NAME ""
| #define PACKAGE_TARNAME ""
| #define PACKAGE_VERSION ""
| #define PACKAGE_STRING ""
| #define PACKAGE_BUGREPORT ""
| #define PACKAGE "file"
| #define VERSION "4.17"
| #define BUILTIN_ELF 1
| #define ELFCORE 1
| #define STDC_HEADERS 1
| #define HAVE_SYS_TYPES_H 1
| #define HAVE_SYS_STAT_H 1
| #define HAVE_STDLIB_H 1
| #define HAVE_STRING_H 1
| #define HAVE_MEMORY_H 1
| #define HAVE_STRINGS_H 1
| #define HAVE_INTTYPES_H 1
| #define HAVE_STDINT_H 1
| #define HAVE_UNISTD_H 1
| #define HAVE_DLFCN_H 1
| #ifdef __cplusplus
| extern "C" void exit (int) throw ();
| #endif
| #define STDC_HEADERS 1
| #define HAVE_SYS_WAIT_H 1
| #define HAVE_STDINT_H 1
| #define HAVE_FCNTL_H 1
| #define HAVE_LOCALE_H 1
| #define HAVE_SYS_MMAN_H 1
| #define HAVE_SYS_STAT_H 1
| #define HAVE_SYS_TYPES_H 1
| #define HAVE_STDINT_H 1
| #define HAVE_INTTYPES_H 1
| #define HAVE_UNISTD_H 1
| #define HAVE_GETOPT_H 1
| #define HAVE_LOCALE_H 1
| #define HAVE_UTIME_H 1
| /* end confdefs.h.  */
| #include <stdio.h>
| #if HAVE_SYS_TYPES_H
| # include <sys/types.h>
| #endif
| #if HAVE_SYS_STAT_H
| # include <sys/stat.h>
| #endif
| #if STDC_HEADERS
| # include <stdlib.h>
| # include <stddef.h>
| #else
| # if HAVE_STDLIB_H
| #  include <stdlib.h>
| # endif
| #endif
| #if HAVE_STRING_H
| # if !STDC_HEADERS && HAVE_MEMORY_H
| #  include <memory.h>
| # endif
| # include <string.h>
| #endif
| #if HAVE_STRINGS_H
| # include <strings.h>
| #endif
| #if HAVE_INTTYPES_H
| # include <inttypes.h>
| #else
| # if HAVE_STDINT_H
| #  include <stdint.h>
| # endif
| #endif
| #if HAVE_UNISTD_H
| # include <unistd.h>
| #endif
| #include <sys/utime.h>
configure:21624: result: no
configure:21628: checking sys/utime.h presence
configure:21638: gcc -E  conftest.c
conftest.c:41:23: fatal error: sys/utime.h: No such file or directory
compilation terminated.
configure:21644: $? = 1
configure: failed program was:
| /* confdefs.h.  */
| 
| #define PACKAGE_NAME ""
| #define PACKAGE_TARNAME ""
| #define PACKAGE_VERSION ""
| #define PACKAGE_STRING ""
| #define PACKAGE_BUGREPORT ""
| #define PACKAGE "file"
| #define VERSION "4.17"
| #define BUILTIN_ELF 1
| #define ELFCORE 1
| #define STDC_HEADERS 1
| #define HAVE_SYS_TYPES_H 1
| #define HAVE_SYS_STAT_H 1
| #define HAVE_STDLIB_H 1
| #define HAVE_STRING_H 1
| #define HAVE_MEMORY_H 1
| #define HAVE_STRINGS_H 1
| #define HAVE_INTTYPES_H 1
| #define HAVE_STDINT_H 1
| #define HAVE_UNISTD_H 1
| #define HAVE_DLFCN_H 1
| #ifdef __cplusplus
| extern "C" void exit (int) throw ();
| #endif
| #define STDC_HEADERS 1
| #define HAVE_SYS_WAIT_H 1
| #define HAVE_STDINT_H 1
| #define HAVE_FCNTL_H 1
| #define HAVE_LOCALE_H 1
| #define HAVE_SYS_MMAN_H 1
| #define HAVE_SYS_STAT_H 1
| #define HAVE_SYS_TYPES_H 1
| #define HAVE_STDINT_H 1
| #define HAVE_INTTYPES_H 1
| #define HAVE_UNISTD_H 1
| #define HAVE_GETOPT_H 1
| #define HAVE_LOCALE_H 1
| #define HAVE_UTIME_H 1
| /* end confdefs.h.  */
| #include <sys/utime.h>
configure:21664: result: no
configure:21699: checking for sys/utime.h
configure:21706: result: no
configure:21733: checking wchar.h usability
configure:21745: gcc -c -g -O2  conftest.c >&5
configure:21751: $? = 0
configure:21755: test -z 
			 || test ! -s conftest.err
configure:21758: $? = 0
configure:21761: test -s conftest.o
configure:21764: $? = 0
configure:21774: result: yes
configure:21778: checking wchar.h presence
configure:21788: gcc -E  conftest.c
configure:21794: $? = 0
configure:21814: result: yes
configure:21849: checking for wchar.h
configure:21856: result: yes
configure:21870: checking for an ANSI C-conforming const
configure:21937: gcc -c -g -O2  conftest.c >&5
configure:21943: $? = 0
configure:21947: test -z 
			 || test ! -s conftest.err
configure:21950: $? = 0
configure:21953: test -s conftest.o
configure:21956: $? = 0
configure:21967: result: yes
configure:21977: checking for off_t
configure:22001: gcc -c -g -O2  conftest.c >&5
configure:22007: $? = 0
configure:22011: test -z 
			 || test ! -s conftest.err
configure:22014: $? = 0
configure:22017: test -s conftest.o
configure:22020: $? = 0
configure:22031: result: yes
configure:22043: checking for size_t
configure:22067: gcc -c -g -O2  conftest.c >&5
configure:22073: $? = 0
configure:22077: test -z 
			 || test ! -s conftest.err
configure:22080: $? = 0
configure:22083: test -s conftest.o
configure:22086: $? = 0
configure:22097: result: yes
configure:22110: checking for struct stat.st_rdev
configure:22133: gcc -c -g -O2  conftest.c >&5
configure:22139: $? = 0
configure:22143: test -z 
			 || test ! -s conftest.err
configure:22146: $? = 0
configure:22149: test -s conftest.o
configure:22152: $? = 0
configure:22209: result: yes
configure:22225: checking whether struct tm is in sys/time.h or time.h
configure:22248: gcc -c -g -O2  conftest.c >&5
configure:22254: $? = 0
configure:22258: test -z 
			 || test ! -s conftest.err
configure:22261: $? = 0
configure:22264: test -s conftest.o
configure:22267: $? = 0
configure:22278: result: time.h
configure:22288: checking for tm_zone in struct tm
configure:22310: gcc -c -g -O2  conftest.c >&5
configure:22316: $? = 0
configure:22320: test -z 
			 || test ! -s conftest.err
configure:22323: $? = 0
configure:22326: test -s conftest.o
configure:22329: $? = 0
configure:22340: result: yes
configure:22349: checking for tzname
configure:22373: gcc -o conftest -g -O2   conftest.c  >&5
configure:22379: $? = 0
configure:22383: test -z 
			 || test ! -s conftest.err
configure:22386: $? = 0
configure:22389: test -s conftest
configure:22392: $? = 0
configure:22404: result: yes
configure:22414: checking for tm_isdst in struct tm
configure:22436: gcc -c -g -O2  conftest.c >&5
configure:22442: $? = 0
configure:22446: test -z 
			 || test ! -s conftest.err
configure:22449: $? = 0
configure:22452: test -s conftest.o
configure:22455: $? = 0
configure:22466: result: yes
configure:22474: checking for daylight
configure:22498: gcc -o conftest -g -O2   conftest.c  >&5
configure:22504: $? = 0
configure:22508: test -z 
			 || test ! -s conftest.err
configure:22511: $? = 0
configure:22514: test -s conftest
configure:22517: $? = 0
configure:22529: result: yes
configure:22547: checking for special C compiler options needed for large files=

configure:22668: result: no
configure:22674: checking for _FILE_OFFSET_BITS value needed for large files
configure:22705: gcc -c -g -O2  conftest.c >&5
configure:22711: $? = 0
configure:22715: test -z 
			 || test ! -s conftest.err
configure:22718: $? = 0
configure:22721: test -s conftest.o
configure:22724: $? = 0
configure:22789: result: no
configure:22798: checking for _LARGE_FILES value needed for large files
configure:22829: gcc -c -g -O2  conftest.c >&5
configure:22835: $? = 0
configure:22839: test -z 
			 || test ! -s conftest.err
configure:22842: $? = 0
configure:22845: test -s conftest.o
configure:22848: $? = 0
configure:22913: result: no
configure:22924: checking for mbstate_t
configure:22946: gcc -c -g -O2  conftest.c >&5
configure:22952: $? = 0
configure:22956: test -z 
			 || test ! -s conftest.err
configure:22959: $? = 0
configure:22962: test -s conftest.o
configure:22965: $? = 0
configure:22976: result: yes
configure:22992: checking for uint8_t
configure:23021: result: yes
configure:23030: checking for uint16_t
configure:23059: result: yes
configure:23068: checking for uint32_t
configure:23097: result: yes
configure:23106: checking for int32_t
configure:23135: result: yes
configure:23144: checking for long long
configure:23193: result: yes
configure:23207: checking for uint64_t
configure:23237: result: yes
configure:23249: checking size of uint8_t
configure:23281: gcc -o conftest -g -O2   conftest.c  >&5
conftest.c: In function 'main':
conftest.c:63:3: warning: format '%d' expects argument of type 'int', but argument 3 has type 'long unsigned int' [-Wformat]
configure:23284: $? = 0
configure:23286: ./conftest
configure:23289: $? = 0
configure:23303: result: 1
configure:23311: checking size of uint16_t
configure:23343: gcc -o conftest -g -O2   conftest.c  >&5
conftest.c: In function 'main':
conftest.c:64:3: warning: format '%d' expects argument of type 'int', but argument 3 has type 'long unsigned int' [-Wformat]
configure:23346: $? = 0
configure:23348: ./conftest
configure:23351: $? = 0
configure:23365: result: 2
configure:23373: checking size of uint32_t
configure:23405: gcc -o conftest -g -O2   conftest.c  >&5
conftest.c: In function 'main':
conftest.c:65:3: warning: format '%d' expects argument of type 'int', but argument 3 has type 'long unsigned int' [-Wformat]
configure:23408: $? = 0
configure:23410: ./conftest
configure:23413: $? = 0
configure:23427: result: 4
configure:23435: checking size of uint64_t
configure:23467: gcc -o conftest -g -O2   conftest.c  >&5
conftest.c: In function 'main':
conftest.c:66:3: warning: format '%d' expects argument of type 'int', but argument 3 has type 'long unsigned int' [-Wformat]
configure:23470: $? = 0
configure:23472: ./conftest
configure:23475: $? = 0
configure:23489: result: 8
configure:23512: checking for mmap
configure:23569: gcc -o conftest -g -O2   conftest.c  >&5
configure:23575: $? = 0
configure:23579: test -z 
			 || test ! -s conftest.err
configure:23582: $? = 0
configure:23585: test -s conftest
configure:23588: $? = 0
configure:23600: result: yes
configure:23512: checking for strerror
configure:23569: gcc -o conftest -g -O2   conftest.c  >&5
configure:23575: $? = 0
configure:23579: test -z 
			 || test ! -s conftest.err
configure:23582: $? = 0
configure:23585: test -s conftest
configure:23588: $? = 0
configure:23600: result: yes
configure:23512: checking for strtoul
configure:23569: gcc -o conftest -g -O2   conftest.c  >&5
configure:23575: $? = 0
configure:23579: test -z 
			 || test ! -s conftest.err
configure:23582: $? = 0
configure:23585: test -s conftest
configure:23588: $? = 0
configure:23600: result: yes
configure:23512: checking for mbrtowc
configure:23569: gcc -o conftest -g -O2   conftest.c  >&5
configure:23575: $? = 0
configure:23579: test -z 
			 || test ! -s conftest.err
configure:23582: $? = 0
configure:23585: test -s conftest
configure:23588: $? = 0
configure:23600: result: yes
configure:23512: checking for mkstemp
configure:23569: gcc -o conftest -g -O2   conftest.c  >&5
configure:23575: $? = 0
configure:23579: test -z 
			 || test ! -s conftest.err
configure:23582: $? = 0
configure:23585: test -s conftest
configure:23588: $? = 0
configure:23600: result: yes
configure:23512: checking for getopt_long
configure:23569: gcc -o conftest -g -O2   conftest.c  >&5
configure:23575: $? = 0
configure:23579: test -z 
			 || test ! -s conftest.err
configure:23582: $? = 0
configure:23585: test -s conftest
configure:23588: $? = 0
configure:23600: result: yes
configure:23512: checking for utimes
configure:23569: gcc -o conftest -g -O2   conftest.c  >&5
configure:23575: $? = 0
configure:23579: test -z 
			 || test ! -s conftest.err
configure:23582: $? = 0
configure:23585: test -s conftest
configure:23588: $? = 0
configure:23600: result: yes
configure:23512: checking for utime
configure:23569: gcc -o conftest -g -O2   conftest.c  >&5
configure:23575: $? = 0
configure:23579: test -z 
			 || test ! -s conftest.err
configure:23582: $? = 0
configure:23585: test -s conftest
configure:23588: $? = 0
configure:23600: result: yes
configure:23512: checking for wcwidth
configure:23569: gcc -o conftest -g -O2   conftest.c  >&5
configure:23575: $? = 0
configure:23579: test -z 
			 || test ! -s conftest.err
configure:23582: $? = 0
configure:23585: test -s conftest
configure:23588: $? = 0
configure:23600: result: yes
configure:23512: checking for snprintf
configure:23569: gcc -o conftest -g -O2   conftest.c  >&5
conftest.c:87:6: warning: conflicting types for built-in function 'snprintf' [enabled by default]
configure:23575: $? = 0
configure:23579: test -z 
			 || test ! -s conftest.err
configure:23582: $? = 0
configure:23585: test -s conftest
configure:23588: $? = 0
configure:23600: result: yes
configure:23512: checking for vsnprintf
configure:23569: gcc -o conftest -g -O2   conftest.c  >&5
conftest.c:88:6: warning: conflicting types for built-in function 'vsnprintf' [enabled by default]
configure:23575: $? = 0
configure:23579: test -z 
			 || test ! -s conftest.err
configure:23582: $? = 0
configure:23585: test -s conftest
configure:23588: $? = 0
configure:23600: result: yes
configure:23612: checking for gzopen in -lz
configure:23642: gcc -o conftest -g -O2   conftest.c -lz   >&5
configure:23648: $? = 0
configure:23652: test -z 
			 || test ! -s conftest.err
configure:23655: $? = 0
configure:23658: test -s conftest
configure:23661: $? = 0
configure:23674: result: yes
configure:23836: creating ./config.status

## ---------------------- ##
## Running config.status. ##
## ---------------------- ##

This file was extended by config.status, which was
generated by GNU Autoconf 2.59.  Invocation command line was

  CONFIG_FILES    = 
  CONFIG_HEADERS  = 
  CONFIG_LINKS    = 
  CONFIG_COMMANDS = 
  $ ./config.status 

on Artisanal

config.status:726: creating Makefile
config.status:726: creating src/Makefile
config.status:726: creating magic/Makefile
config.status:726: creating doc/Makefile
config.status:726: creating python/Makefile
config.status:830: creating config.h
config.status:1218: executing depfiles commands

## ---------------- ##
## Cache variables. ##
## ---------------- ##

ac_cv_build=x86_64-unknown-linux-gnu
ac_cv_build_alias=x86_64-unknown-linux-gnu
ac_cv_c_compiler_gnu=yes
ac_cv_c_const=yes
ac_cv_c_long_long=yes
ac_cv_cxx_compiler_gnu=yes
ac_cv_env_CC_set=set
ac_cv_env_CC_value=gcc
ac_cv_env_CFLAGS_set=
ac_cv_env_CFLAGS_value=
ac_cv_env_CPPFLAGS_set=
ac_cv_env_CPPFLAGS_value=
ac_cv_env_CPP_set=
ac_cv_env_CPP_value=
ac_cv_env_CXXCPP_set=
ac_cv_env_CXXCPP_value=
ac_cv_env_CXXFLAGS_set=
ac_cv_env_CXXFLAGS_value=
ac_cv_env_CXX_set=
ac_cv_env_CXX_value=
ac_cv_env_F77_set=
ac_cv_env_F77_value=
ac_cv_env_FFLAGS_set=
ac_cv_env_FFLAGS_value=
ac_cv_env_LDFLAGS_set=
ac_cv_env_LDFLAGS_value=
ac_cv_env_build_alias_set=
ac_cv_env_build_alias_value=
ac_cv_env_host_alias_set=
ac_cv_env_host_alias_value=
ac_cv_env_target_alias_set=
ac_cv_env_target_alias_value=
ac_cv_exeext=
ac_cv_f77_compiler_gnu=no
ac_cv_func_getopt_long=yes
ac_cv_func_mbrtowc=yes
ac_cv_func_mkstemp=yes
ac_cv_func_mmap=yes
ac_cv_func_snprintf=yes
ac_cv_func_strerror=yes
ac_cv_func_strtoul=yes
ac_cv_func_utime=yes
ac_cv_func_utimes=yes
ac_cv_func_vsnprintf=yes
ac_cv_func_wcwidth=yes
ac_cv_header_dlfcn_h=yes
ac_cv_header_fcntl_h=yes
ac_cv_header_getopt_h=yes
ac_cv_header_inttypes_h=yes
ac_cv_header_locale_h=yes
ac_cv_header_memory_h=yes
ac_cv_header_stdc=yes
ac_cv_header_stdint_h=yes
ac_cv_header_stdlib_h=yes
ac_cv_header_string_h=yes
ac_cv_header_strings_h=yes
ac_cv_header_sys_mman_h=yes
ac_cv_header_sys_stat_h=yes
ac_cv_header_sys_types_h=yes
ac_cv_header_sys_types_h_makedev=yes
ac_cv_header_sys_utime_h=no
ac_cv_header_sys_wait_h=yes
ac_cv_header_unistd_h=yes
ac_cv_header_utime_h=yes
ac_cv_header_wchar_h=yes
ac_cv_host=x86_64-unknown-linux-gnu
ac_cv_host_alias=x86_64-unknown-linux-gnu
ac_cv_lib_z_gzopen=yes
ac_cv_member_struct_stat_st_rdev=yes
ac_cv_objext=o
ac_cv_path_install='/usr/bin/install -c'
ac_cv_prog_AWK=gawk
ac_cv_prog_CPP='gcc -E'
ac_cv_prog_CXXCPP='g++ -E'
ac_cv_prog_ac_ct_AR=ar
ac_cv_prog_ac_ct_CC=gcc
ac_cv_prog_ac_ct_CXX=g++
ac_cv_prog_ac_ct_RANLIB=ranlib
ac_cv_prog_ac_ct_STRIP=strip
ac_cv_prog_cc_g=yes
ac_cv_prog_cc_stdc=
ac_cv_prog_cxx_g=yes
ac_cv_prog_egrep='grep -E'
ac_cv_prog_f77_g=no
ac_cv_prog_make_make_set=yes
ac_cv_sizeof_uint16_t=2
ac_cv_sizeof_uint32_t=4
ac_cv_sizeof_uint64_t=8
ac_cv_sizeof_uint8_t=1
ac_cv_struct_tm=time.h
ac_cv_struct_tm_isdst=yes
ac_cv_struct_tm_zone=yes
ac_cv_sys_file_offset_bits=no
ac_cv_sys_large_files=no
ac_cv_sys_largefile_CC=no
ac_cv_type_int32_t=yes
ac_cv_type_mbstate_t=yes
ac_cv_type_off_t=yes
ac_cv_type_size_t=yes
ac_cv_type_uint16_t=yes
ac_cv_type_uint32_t=yes
ac_cv_type_uint64_t=yes
ac_cv_type_uint8_t=yes
ac_cv_var_daylight=yes
ac_cv_var_tzname=yes
am_cv_CC_dependencies_compiler_type=gcc3
am_cv_CXX_dependencies_compiler_type=gcc3
lt_cv_deplibs_check_method=pass_all
lt_cv_file_magic_cmd='$MAGIC_CMD'
lt_cv_file_magic_test_file=
lt_cv_ld_reload_flag=-r
lt_cv_objdir=.libs
lt_cv_path_LD=/usr/bin/ld
lt_cv_path_LDCXX='/usr/bin/ld -m elf_x86_64'
lt_cv_path_NM='/usr/bin/nm -B'
lt_cv_path_SED=/bin/sed
lt_cv_prog_compiler_c_o=yes
lt_cv_prog_compiler_c_o_CXX=yes
lt_cv_prog_compiler_rtti_exceptions=no
lt_cv_prog_gnu_ld=yes
lt_cv_prog_gnu_ldcxx=yes
lt_cv_sys_global_symbol_pipe='sed -n -e '\''s/^.*[ 	]\([ABCDGIRSTW][ABCDGIRSTW]*\)[ 	][ 	]*\([_A-Za-z][_A-Za-z0-9]*\)$/\1 \2 \2/p'\'''
lt_cv_sys_global_symbol_to_c_name_address='sed -n -e '\''s/^: \([^ ]*\) $/  {\"\1\", (lt_ptr) 0},/p'\'' -e '\''s/^[BCDEGRST] \([^ ]*\) \([^ ]*\)$/  {"\2", (lt_ptr) \&\2},/p'\'''
lt_cv_sys_global_symbol_to_cdecl='sed -n -e '\''s/^. .* \(.*\)$/extern int \1;/p'\'''
lt_cv_sys_max_cmd_len=32768
lt_lt_cv_prog_compiler_c_o='"yes"'
lt_lt_cv_prog_compiler_c_o_CXX='"yes"'
lt_lt_cv_sys_global_symbol_pipe='"sed -n -e '\''s/^.*[ 	]\\([ABCDGIRSTW][ABCDGIRSTW]*\\)[ 	][ 	]*\\([_A-Za-z][_A-Za-z0-9]*\\)\$/\\1 \\2 \\2/p'\''"'
lt_lt_cv_sys_global_symbol_to_c_name_address='"sed -n -e '\''s/^: \\([^ ]*\\) \$/  {\\\"\\1\\\", (lt_ptr) 0},/p'\'' -e '\''s/^[BCDEGRST] \\([^ ]*\\) \\([^ ]*\\)\$/  {\"\\2\", (lt_ptr) \\&\\2},/p'\''"'
lt_lt_cv_sys_global_symbol_to_cdecl='"sed -n -e '\''s/^. .* \\(.*\\)\$/extern int \\1;/p'\''"'

## ----------------- ##
## Output variables. ##
## ----------------- ##

ACLOCAL='${SHELL} /home/paul/TEMU/shared/sleuthkit-2.04/src/file/missing --run aclocal-1.9'
AMDEPBACKSLASH='\'
AMDEP_FALSE='#'
AMDEP_TRUE=''
AMTAR='${SHELL} /home/paul/TEMU/shared/sleuthkit-2.04/src/file/missing --run tar'
AR='ar'
AUTOCONF='${SHELL} /home/paul/TEMU/shared/sleuthkit-2.04/src/file/missing --run autoconf'
AUTOHEADER='${SHELL} /home/paul/TEMU/shared/sleuthkit-2.04/src/file/missing --run autoheader'
AUTOMAKE='${SHELL} /home/paul/TEMU/shared/sleuthkit-2.04/src/file/missing --run automake-1.9'
AWK='gawk'
CC='gcc'
CCDEPMODE='depmode=gcc3'
CFLAGS='-g -O2'
CPP='gcc -E'
CPPFLAGS=''
CXX='g++'
CXXCPP='g++ -E'
CXXDEPMODE='depmode=gcc3'
CXXFLAGS='-g -O2'
CYGPATH_W='echo'
DEFS='-DHAVE_CONFIG_H'
DEPDIR='.deps'
ECHO='echo'
ECHO_C=''
ECHO_N='-n'
ECHO_T=''
EGREP='grep -E'
EXEEXT=''
F77=''
FFLAGS=''
FSECT5_FALSE=''
FSECT5_TRUE='#'
INSTALL_DATA='${INSTALL} -m 644'
INSTALL_PROGRAM='${INSTALL}'
INSTALL_SCRIPT='${INSTALL}'
INSTALL_STRIP_PROGRAM='${SHELL} $(install_sh) -c -s'
IS_CROSS_COMPILE_FALSE=''
IS_CROSS_COMPILE_TRUE='#'
LDFLAGS=''
LIBOBJS=''
LIBS='-lz '
LIBTOOL='$(SHELL) $(top_builddir)/libtool'
LN_S='ln -s'
LTLIBOBJS=''
MAINT='#'
MAINTAINER_MODE_FALSE=''
MAINTAINER_MODE_TRUE='#'
MAKEINFO='${SHELL} /home/paul/TEMU/shared/sleuthkit-2.04/src/file/missing --run makeinfo'
OBJEXT='o'
PACKAGE='file'
PACKAGE_BUGREPORT=''
PACKAGE_NAME=''
PACKAGE_STRING=''
PACKAGE_TARNAME=''
PACKAGE_VERSION=''
PATH_SEPARATOR=':'
RANLIB='ranlib'
SET_MAKE=''
SHELL='/bin/bash'
STRIP='strip'
VERSION='4.17'
ac_ct_AR='ar'
ac_ct_CC='gcc'
ac_ct_CXX='g++'
ac_ct_F77=''
ac_ct_RANLIB='ranlib'
ac_ct_STRIP='strip'
am__fastdepCC_FALSE='#'
am__fastdepCC_TRUE=''
am__fastdepCXX_FALSE='#'
am__fastdepCXX_TRUE=''
am__include='include'
am__leading_dot='.'
am__quote=''
am__tar='${AMTAR} chof - "$$tardir"'
am__untar='${AMTAR} xf -'
bindir='${exec_prefix}/bin'
build='x86_64-unknown-linux-gnu'
build_alias=''
build_cpu='x86_64'
build_os='linux-gnu'
build_vendor='unknown'
datadir='${prefix}/share'
exec_prefix='/home/paul/TEMU/shared/sleuthkit-2.04'
fsect='4'
host='x86_64-unknown-linux-gnu'
host_alias=''
host_cpu='x86_64'
host_os='linux-gnu'
host_vendor='unknown'
includedir='${prefix}/include'
infodir='${prefix}/info'
install_sh='/home/paul/TEMU/shared/sleuthkit-2.04/src/file/install-sh'
libdir='${exec_prefix}/lib'
libexecdir='${exec_prefix}/libexec'
localstatedir='${prefix}/var'
mandir='${prefix}/man'
mkdir_p='mkdir -p --'
oldincludedir='/usr/include'
prefix='/home/paul/TEMU/shared/sleuthkit-2.04'
program_transform_name='s,x,x,'
sbindir='${exec_prefix}/sbin'
sharedstatedir='${prefix}/com'
sysconfdir='${prefix}/etc'
target_alias=''

## ----------- ##
## confdefs.h. ##
## ----------- ##

#define BUILTIN_ELF 1
#define ELFCORE 1
#define HAVE_DAYLIGHT 1
#define HAVE_DLFCN_H 1
#define HAVE_FCNTL_H 1
#define HAVE_GETOPT_H 1
#define HAVE_GETOPT_LONG 1
#define HAVE_INTTYPES_H 1
#define HAVE_INTTYPES_H 1
#define HAVE_LIBZ 1
#define HAVE_LOCALE_H 1
#define HAVE_LOCALE_H 1
#define HAVE_LONG_LONG 1
#define HAVE_MBRTOWC 1
#define HAVE_MBSTATE_T 1
#define HAVE_MEMORY_H 1
#define HAVE_MKSTEMP 1
#define HAVE_MMAP 1
#define HAVE_SNPRINTF 1
#define HAVE_STDINT_H 1
#define HAVE_STDINT_H 1
#define HAVE_STDINT_H 1
#define HAVE_STDLIB_H 1
#define HAVE_STRERROR 1
#define HAVE_STRINGS_H 1
#define HAVE_STRING_H 1
#define HAVE_STRTOUL 1
#define HAVE_STRUCT_STAT_ST_RDEV 1
#define HAVE_ST_RDEV 1
#define HAVE_SYS_MMAN_H 1
#define HAVE_SYS_STAT_H 1
#define HAVE_SYS_STAT_H 1
#define HAVE_SYS_TYPES_H 1
#define HAVE_SYS_TYPES_H 1
#define HAVE_SYS_WAIT_H 1
#define HAVE_TM_ISDST 1
#define HAVE_TM_ZONE 1
#define HAVE_TZNAME 1
#define HAVE_UNISTD_H 1
#define HAVE_UNISTD_H 1
#define HAVE_UTIME 1
#define HAVE_UTIMES 1
#define HAVE_UTIME_H 1
#define HAVE_VSNPRINTF 1
#define HAVE_WCHAR_H 1
#define HAVE_WCWIDTH 1
#define PACKAGE "file"
#define PACKAGE_BUGREPORT ""
#define PACKAGE_NAME ""
#define PACKAGE_STRING ""
#define PACKAGE_TARNAME ""
#define PACKAGE_VERSION ""
#define SIZEOF_UINT16_T 2
#define SIZEOF_UINT32_T 4
#define SIZEOF_UINT64_T 8
#define SIZEOF_UINT8_T 1
#define STDC_HEADERS 1
#define STDC_HEADERS 1
#define VERSION "4.17"
#endif
#ifdef __cplusplus
extern "C" void exit (int) throw ();

configure: exit 0
